<?xml version="1.0" encoding="UTF-8"?>
<testsuite name="Tests" tests="5" skipped="0" failures="0" errors="0" timestamp="2021-06-24T01:42:48" hostname="MacBook-Air.local" time="0.062">
  <properties/>
  <testcase name="testJsonDoc" classname="Tests" time="0.04"/>
  <testcase name="testJSONStructureInDB" classname="Tests" time="0.009"/>
  <testcase name="testReadingFile" classname="Tests" time="0.002"/>
  <testcase name="testOtherJSONViaDB" classname="Tests" time="0.006"/>
  <testcase name="testComputingReviews" classname="Tests" time="0.003"/>
  <system-out><![CDATA[]]></system-out>
  <system-err><![CDATA[]]></system-err>
</testsuite>
